Overriding config with config/finetune_task_a.py:
# config/finetune_task_a.py

# system
device = 'cuda'   # FIX: was 'cpu'
compile = False

# I/O
out_dir = 'out/task_a'
eval_interval = 50
eval_iters = 40
always_save_checkpoint = False

# logging
wandb_log = False  # set to True if you want W&B
wandb_project = 'shakespeare_sft'
wandb_run_name = 'task_a_m100_finetune'
log_interval = 10

# data
dataset = 'task_a'
block_size = 256

# model — must match M_100 architecture
n_layer = 6
n_head = 6
n_embd = 384
bias = False
vocab_size = 65

# init from M_100 checkpoint
init_from = 'resume'
dropout = 0.1

# training
max_iters = 2000
iter_num = 0
learning_rate = 5e-5
decay_lr = False
min_lr = 5e-5
batch_size = 32
gradient_accumulation_steps = 1

# optimizer
weight_decay = 1e-1
beta1 = 0.9
beta2 = 0.95
grad_clip = 1.0
dtype = 'float16'

tokens per iteration will be: 8,192
found vocab_size = 62 (inside data/task_a/meta.pkl)
Resuming training from out/task_a
number of parameters: 10.65M
/teamspace/studios/this_studio/advanced-nlp-assignment-group6/train.py:216: FutureWarning: `torch.cuda.amp.GradScaler(args...)` is deprecated. Please use `torch.amp.GradScaler('cuda', args...)` instead.
  scaler = torch.cuda.amp.GradScaler(enabled=(dtype == 'float16'))
num decayed parameter tensors: 26, with 10,740,096 parameters
num non-decayed parameter tensors: 13, with 4,992 parameters
using fused AdamW: True
step 350: train loss 0.9484, val loss 1.3375
iter 350: loss 1.1321, time 1611.81ms, mfu -100.00%
iter 360: loss 1.1704, time 49.70ms, mfu 3.75%
iter 370: loss 1.1274, time 49.24ms, mfu 3.75%
iter 380: loss 1.1162, time 49.52ms, mfu 3.75%
iter 390: loss 1.1161, time 49.78ms, mfu 3.75%
step 400: train loss 0.8721, val loss 1.3461
iter 400: loss 1.1032, time 1353.13ms, mfu 3.39%
iter 410: loss 1.0330, time 50.00ms, mfu 3.42%
iter 420: loss 1.0361, time 48.97ms, mfu 3.46%
iter 430: loss 1.0732, time 49.54ms, mfu 3.49%
iter 440: loss 1.0314, time 49.23ms, mfu 3.52%
step 450: train loss 0.8218, val loss 1.3732
iter 450: loss 1.0445, time 1359.52ms, mfu 3.18%
iter 460: loss 1.0188, time 49.90ms, mfu 3.24%
iter 470: loss 1.0050, time 49.81ms, mfu 3.29%
iter 480: loss 0.9795, time 49.61ms, mfu 3.34%
iter 490: loss 0.9812, time 49.52ms, mfu 3.38%
step 500: train loss 0.7434, val loss 1.3901
iter 500: loss 0.9641, time 1362.61ms, mfu 3.05%
iter 510: loss 0.9718, time 49.64ms, mfu 3.12%
iter 520: loss 0.9574, time 49.07ms, mfu 3.19%
iter 530: loss 0.9414, time 50.15ms, mfu 3.24%
iter 540: loss 0.9635, time 49.91ms, mfu 3.29%
step 550: train loss 0.6758, val loss 1.4238
iter 550: loss 0.9321, time 1360.62ms, mfu 2.98%
iter 560: loss 0.8916, time 49.38ms, mfu 3.06%
iter 570: loss 0.8873, time 49.90ms, mfu 3.12%
iter 580: loss 0.8997, time 49.85ms, mfu 3.19%
iter 590: loss 0.9404, time 49.87ms, mfu 3.24%
step 600: train loss 0.6222, val loss 1.4562
iter 600: loss 0.8622, time 1365.33ms, mfu 2.93%
iter 610: loss 0.8248, time 49.55ms, mfu 3.01%
iter 620: loss 0.8537, time 49.91ms, mfu 3.09%
iter 630: loss 0.8312, time 49.57ms, mfu 3.15%
iter 640: loss 0.8187, time 49.76ms, mfu 3.21%
step 650: train loss 0.5652, val loss 1.4775
iter 650: loss 0.8193, time 1364.33ms, mfu 2.90%
iter 660: loss 0.8035, time 50.55ms, mfu 2.98%
iter 670: loss 0.8267, time 49.10ms, mfu 3.06%
iter 680: loss 0.8153, time 50.78ms, mfu 3.12%
iter 690: loss 0.7955, time 51.34ms, mfu 3.17%
step 700: train loss 0.5064, val loss 1.5087
iter 700: loss 0.8012, time 1369.26ms, mfu 2.87%
iter 710: loss 0.7849, time 50.61ms, mfu 2.95%
iter 720: loss 0.8094, time 49.26ms, mfu 3.03%
iter 730: loss 0.8083, time 50.04ms, mfu 3.10%
iter 740: loss 0.7921, time 50.56ms, mfu 3.16%
step 750: train loss 0.4673, val loss 1.5439
iter 750: loss 0.8048, time 1365.66ms, mfu 2.86%
iter 760: loss 0.7458, time 50.39ms, mfu 2.94%
iter 770: loss 0.7441, time 49.82ms, mfu 3.02%
iter 780: loss 0.7621, time 50.57ms, mfu 3.09%
iter 790: loss 0.7633, time 49.93ms, mfu 3.15%
step 800: train loss 0.4218, val loss 1.5711
iter 800: loss 0.7212, time 1366.08ms, mfu 2.85%
iter 810: loss 0.7054, time 49.99ms, mfu 2.94%
iter 820: loss 0.7113, time 50.53ms, mfu 3.01%
iter 830: loss 0.6980, time 50.28ms, mfu 3.08%
iter 840: loss 0.6816, time 50.93ms, mfu 3.14%
step 850: train loss 0.3729, val loss 1.5983
iter 850: loss 0.7042, time 1372.09ms, mfu 2.84%
iter 860: loss 0.6798, time 50.09ms, mfu 2.93%
iter 870: loss 0.6649, time 50.94ms, mfu 3.00%
iter 880: loss 0.6453, time 49.75ms, mfu 3.08%
iter 890: loss 0.6678, time 50.07ms, mfu 3.14%
step 900: train loss 0.3370, val loss 1.6490
iter 900: loss 0.6467, time 1380.38ms, mfu 2.84%
iter 910: loss 0.6238, time 50.88ms, mfu 2.92%
iter 920: loss 0.6057, time 50.85ms, mfu 3.00%
iter 930: loss 0.6232, time 50.97ms, mfu 3.06%
iter 940: loss 0.6165, time 50.71ms, mfu 3.12%
step 950: train loss 0.2968, val loss 1.6630
iter 950: loss 0.6263, time 1369.14ms, mfu 2.82%
iter 960: loss 0.5861, time 50.16ms, mfu 2.91%
iter 970: loss 0.6054, time 49.56ms, mfu 3.00%
iter 980: loss 0.5642, time 49.57ms, mfu 3.07%
iter 990: loss 0.5539, time 50.93ms, mfu 3.13%
step 1000: train loss 0.2654, val loss 1.7191
iter 1000: loss 0.5636, time 1372.77ms, mfu 2.83%
iter 1010: loss 0.5339, time 50.65ms, mfu 2.92%
iter 1020: loss 0.5394, time 50.64ms, mfu 2.99%
iter 1030: loss 0.5126, time 50.63ms, mfu 3.06%
iter 1040: loss 0.5255, time 49.97ms, mfu 3.13%
step 1050: train loss 0.2353, val loss 1.7458
iter 1050: loss 0.5192, time 1379.25ms, mfu 2.83%
iter 1060: loss 0.5138, time 51.01ms, mfu 2.91%
iter 1070: loss 0.4828, time 50.66ms, mfu 2.99%
iter 1080: loss 0.5127, time 50.55ms, mfu 3.06%
iter 1090: loss 0.5350, time 50.38ms, mfu 3.12%
step 1100: train loss 0.2135, val loss 1.7718
iter 1100: loss 0.4826, time 1377.76ms, mfu 2.82%
iter 1110: loss 0.4987, time 50.59ms, mfu 2.91%
iter 1120: loss 0.4714, time 49.78ms, mfu 2.99%
iter 1130: loss 0.4913, time 50.77ms, mfu 3.06%
iter 1140: loss 0.4546, time 50.60ms, mfu 3.12%
step 1150: train loss 0.1915, val loss 1.8241
iter 1150: loss 0.4676, time 1371.81ms, mfu 2.82%
iter 1160: loss 0.4825, time 51.02ms, mfu 2.91%
iter 1170: loss 0.4586, time 49.99ms, mfu 2.99%
iter 1180: loss 0.4558, time 50.81ms, mfu 3.06%
iter 1190: loss 0.4548, time 50.68ms, mfu 3.12%
step 1200: train loss 0.1730, val loss 1.8579
iter 1200: loss 0.4451, time 1382.66ms, mfu 2.82%
iter 1210: loss 0.4339, time 50.96ms, mfu 2.90%
iter 1220: loss 0.4069, time 50.95ms, mfu 2.98%
iter 1230: loss 0.4210, time 50.72ms, mfu 3.05%
iter 1240: loss 0.4017, time 50.60ms, mfu 3.11%
step 1250: train loss 0.1532, val loss 1.8922
iter 1250: loss 0.4227, time 1375.80ms, mfu 2.81%
iter 1260: loss 0.3950, time 50.94ms, mfu 2.90%
iter 1270: loss 0.4069, time 51.03ms, mfu 2.97%
iter 1280: loss 0.3933, time 50.40ms, mfu 3.05%
iter 1290: loss 0.3906, time 50.87ms, mfu 3.11%
step 1300: train loss 0.1391, val loss 1.9484
iter 1300: loss 0.3692, time 1388.96ms, mfu 2.81%
iter 1310: loss 0.3725, time 50.98ms, mfu 2.89%
iter 1320: loss 0.3750, time 51.10ms, mfu 2.97%
iter 1330: loss 0.3326, time 50.73ms, mfu 3.04%
iter 1340: loss 0.3483, time 50.42ms, mfu 3.11%
step 1350: train loss 0.1285, val loss 1.9533
iter 1350: loss 0.3365, time 1381.97ms, mfu 2.81%
iter 1360: loss 0.3373, time 51.05ms, mfu 2.89%
iter 1370: loss 0.3451, time 50.92ms, mfu 2.97%
iter 1380: loss 0.3292, time 50.29ms, mfu 3.04%
iter 1390: loss 0.3324, time 50.89ms, mfu 3.10%
step 1400: train loss 0.1191, val loss 2.0036
iter 1400: loss 0.3364, time 1382.94ms, mfu 2.81%
iter 1410: loss 0.3136, time 50.42ms, mfu 2.90%
iter 1420: loss 0.3168, time 50.73ms, mfu 2.97%
iter 1430: loss 0.3234, time 51.35ms, mfu 3.04%
iter 1440: loss 0.3073, time 50.33ms, mfu 3.11%
step 1450: train loss 0.1122, val loss 2.0208
iter 1450: loss 0.3197, time 1384.81ms, mfu 2.81%
iter 1460: loss 0.3090, time 50.85ms, mfu 2.89%
iter 1470: loss 0.3056, time 50.15ms, mfu 2.98%
iter 1480: loss 0.3131, time 50.41ms, mfu 3.05%
iter 1490: loss 0.3025, time 50.46ms, mfu 3.11%
step 1500: train loss 0.1028, val loss 2.0819
iter 1500: loss 0.2830, time 1386.64ms, mfu 2.81%
iter 1510: loss 0.2827, time 50.38ms, mfu 2.90%
iter 1520: loss 0.3102, time 51.08ms, mfu 2.98%
iter 1530: loss 0.2908, time 51.12ms, mfu 3.04%
iter 1540: loss 0.2721, time 50.58ms, mfu 3.11%
step 1550: train loss 0.0991, val loss 2.0720
iter 1550: loss 0.2541, time 1383.90ms, mfu 2.81%
iter 1560: loss 0.2815, time 51.29ms, mfu 2.89%
iter 1570: loss 0.2751, time 51.45ms, mfu 2.97%
iter 1580: loss 0.2646, time 51.50ms, mfu 3.03%
iter 1590: loss 0.2662, time 50.60ms, mfu 3.10%
step 1600: train loss 0.0918, val loss 2.1088
iter 1600: loss 0.2584, time 1386.58ms, mfu 2.80%
iter 1610: loss 0.2669, time 50.95ms, mfu 2.89%
iter 1620: loss 0.2674, time 50.45ms, mfu 2.97%
iter 1630: loss 0.2725, time 51.21ms, mfu 3.03%
iter 1640: loss 0.2440, time 51.35ms, mfu 3.09%
step 1650: train loss 0.0872, val loss 2.1451
iter 1650: loss 0.2402, time 1385.25ms, mfu 2.80%
iter 1660: loss 0.2393, time 50.66ms, mfu 2.89%
iter 1670: loss 0.2388, time 50.88ms, mfu 2.96%
iter 1680: loss 0.2484, time 51.00ms, mfu 3.03%
iter 1690: loss 0.2408, time 51.26ms, mfu 3.09%
step 1700: train loss 0.0833, val loss 2.1546
iter 1700: loss 0.2473, time 1389.57ms, mfu 2.80%
iter 1710: loss 0.2415, time 50.20ms, mfu 2.89%
iter 1720: loss 0.2387, time 50.50ms, mfu 2.97%
iter 1730: loss 0.2273, time 51.25ms, mfu 3.03%
iter 1740: loss 0.2260, time 51.25ms, mfu 3.09%
step 1750: train loss 0.0813, val loss 2.2009
iter 1750: loss 0.2366, time 1391.34ms, mfu 2.80%
iter 1760: loss 0.2241, time 50.61ms, mfu 2.89%
iter 1770: loss 0.2145, time 50.19ms, mfu 2.97%
iter 1780: loss 0.2037, time 51.12ms, mfu 3.04%
iter 1790: loss 0.2257, time 51.29ms, mfu 3.10%
step 1800: train loss 0.0765, val loss 2.2203
iter 1800: loss 0.2216, time 1389.15ms, mfu 2.80%
iter 1810: loss 0.2146, time 50.88ms, mfu 2.89%
iter 1820: loss 0.2172, time 50.37ms, mfu 2.97%
iter 1830: loss 0.1919, time 51.11ms, mfu 3.04%
iter 1840: loss 0.2130, time 51.17ms, mfu 3.10%
step 1850: train loss 0.0739, val loss 2.2445
iter 1850: loss 0.2052, time 1387.34ms, mfu 2.80%
iter 1860: loss 0.2019, time 50.94ms, mfu 2.89%
iter 1870: loss 0.2075, time 50.99ms, mfu 2.96%
iter 1880: loss 0.1966, time 50.66ms, mfu 3.03%
iter 1890: loss 0.2008, time 50.14ms, mfu 3.10%
step 1900: train loss 0.0732, val loss 2.2559
iter 1900: loss 0.1899, time 1398.04ms, mfu 2.81%
iter 1910: loss 0.1959, time 51.19ms, mfu 2.89%
iter 1920: loss 0.1958, time 50.85ms, mfu 2.97%
iter 1930: loss 0.1816, time 50.13ms, mfu 3.04%
iter 1940: loss 0.1966, time 51.02ms, mfu 3.10%
step 1950: train loss 0.0692, val loss 2.2879
iter 1950: loss 0.1957, time 1388.83ms, mfu 2.81%
iter 1960: loss 0.1838, time 51.06ms, mfu 2.89%
iter 1970: loss 0.1842, time 50.81ms, mfu 2.97%
iter 1980: loss 0.1889, time 50.84ms, mfu 3.04%
iter 1990: loss 0.1823, time 50.95ms, mfu 3.10%
step 2000: train loss 0.0681, val loss 2.2899
iter 2000: loss 0.1880, time 1386.29ms, mfu 2.80%
